<?xml version="1.0" encoding="UTF-8"?>
<testng-results skipped="0" failed="0" total="1" passed="1">
  <reporter-output>
  </reporter-output>
  <suite name="Default suite" duration-ms="31169" started-at="2019-09-16T06:02:44Z" finished-at="2019-09-16T06:03:16Z">
    <groups>
    </groups>
    <test name="Default test" duration-ms="31169" started-at="2019-09-16T06:02:44Z" finished-at="2019-09-16T06:03:16Z">
      <class name="com.BusinessScriptsPackage.Fbtest">
        <test-method status="PASS" signature="openbrowser(java.lang.String)[pri:0, instance:com.BusinessScriptsPackage.Fbtest@685cb137]" name="openbrowser" is-config="true" duration-ms="16290" started-at="2019-09-16T11:32:28Z" finished-at="2019-09-16T11:32:44Z">
          <params>
            <param index="0">
              <value>
                <![CDATA[chrome]]>
              </value>
            </param>
          </params>
          <reporter-output>
          </reporter-output>
        </test-method> <!-- openbrowser -->
        <test-method status="PASS" signature="fbTest()[pri:0, instance:com.BusinessScriptsPackage.Fbtest@685cb137]" name="fbTest" duration-ms="30923" started-at="2019-09-16T11:32:44Z" finished-at="2019-09-16T11:33:15Z">
          <reporter-output>
          </reporter-output>
        </test-method> <!-- fbTest -->
        <test-method status="PASS" signature="closebrowser()[pri:0, instance:com.BusinessScriptsPackage.Fbtest@685cb137]" name="closebrowser" is-config="true" duration-ms="1384" started-at="2019-09-16T11:33:21Z" finished-at="2019-09-16T11:33:22Z">
          <reporter-output>
          </reporter-output>
        </test-method> <!-- closebrowser -->
      </class> <!-- com.BusinessScriptsPackage.Fbtest -->
    </test> <!-- Default test -->
  </suite> <!-- Default suite -->
</testng-results>
